2022-09-10 09:00:43,761 [INFO] reading file
2022-09-10 09:04:27,492 [INFO] reading file
2022-09-10 09:04:27,492 [INFO] completed, have a nice day!
2022-09-10 09:05:17,082 [INFO] reading file
2022-09-10 09:05:17,083 [INFO] completed, have a nice day!
2022-09-10 09:23:52,148 [INFO] reading file
2022-09-10 09:23:52,149 [INFO] completed, have a nice day!
2022-09-10 13:20:40,595 [INFO] reading file
2022-09-10 13:20:40,595 [INFO] completed, have a nice day!
2022-09-10 13:22:24,695 [INFO] reading file
2022-09-10 13:22:24,695 [INFO] completed, have a nice day!
2022-09-10 13:29:05,220 [INFO] reading file
2022-09-10 13:32:01,887 [INFO] reading file
2022-09-10 13:32:01,887 [INFO] completed, have a nice day!
2022-09-10 13:34:26,523 [INFO] reading file
2022-09-10 13:34:26,523 [INFO] completed, have a nice day!
2022-09-10 13:38:34,056 [INFO] reading file
2022-09-10 13:38:34,057 [ERROR] input file error
2022-09-10 13:38:34,057 [ERROR] input file error
2022-09-10 13:38:34,057 [INFO] completed, have a nice day!
2022-09-10 13:40:20,749 [INFO] reading file
2022-09-10 13:40:20,756 [INFO] completed, have a nice day!
2022-09-10 13:44:52,903 [INFO] reading file
2022-09-10 13:47:20,836 [INFO] reading file
2022-09-10 13:47:20,837 [INFO] completed, have a nice day!
2022-09-10 13:48:34,459 [INFO] reading file
2022-09-10 13:49:17,428 [INFO] reading file
2022-09-10 13:51:35,103 [INFO] reading file
2022-09-10 13:51:35,103 [INFO] completed, have a nice day!
2022-09-10 13:52:35,376 [INFO] reading file
2022-09-10 13:52:35,380 [INFO] completed, have a nice day!
2022-09-10 13:53:04,317 [INFO] reading file
2022-09-10 13:53:04,318 [INFO] completed, have a nice day!
2022-09-10 13:53:11,091 [INFO] reading file
2022-09-10 13:53:11,092 [INFO] completed, have a nice day!
2022-09-10 13:54:39,529 [INFO] reading file
2022-09-10 13:54:39,529 [INFO] completed, have a nice day!
2022-09-10 13:54:49,811 [INFO] reading file
2022-09-10 13:54:49,811 [INFO] completed, have a nice day!
2022-09-10 13:55:01,766 [INFO] reading file
2022-09-10 13:55:01,767 [INFO] completed, have a nice day!
2022-09-10 13:56:01,359 [INFO] reading file
2022-09-10 13:56:01,360 [INFO] completed, have a nice day!
2022-09-10 13:56:26,884 [INFO] reading file
2022-09-10 13:56:26,886 [INFO] completed, have a nice day!
2022-09-10 13:56:47,067 [INFO] reading file
2022-09-10 13:56:47,068 [INFO] completed, have a nice day!
2022-09-10 13:57:07,507 [INFO] reading file
2022-09-10 13:57:07,507 [INFO] completed, have a nice day!
2022-09-10 13:57:35,376 [INFO] reading file
2022-09-10 13:57:35,376 [ERROR] input file error
2022-09-10 14:03:37,756 [INFO] reading file
2022-09-10 14:03:37,757 [INFO] completed, have a nice day!
2022-09-10 14:04:08,078 [INFO] reading file
2022-09-10 14:04:08,078 [INFO] completed, have a nice day!
2022-09-10 14:04:37,897 [INFO] reading file
2022-09-10 14:04:37,900 [INFO] completed, have a nice day!
2022-09-10 14:05:04,990 [INFO] reading file
2022-09-10 14:05:04,991 [INFO] completed, have a nice day!
2022-09-10 14:05:11,380 [INFO] reading file
2022-09-10 14:05:11,381 [INFO] completed, have a nice day!
2022-09-10 14:05:54,994 [INFO] reading file
2022-09-10 14:05:54,996 [INFO] completed, have a nice day!
2022-09-10 14:06:52,143 [INFO] reading file
2022-09-10 14:11:09,159 [INFO] reading file
2022-09-10 14:11:09,160 [INFO] completed, have a nice day!
2022-09-10 14:11:16,429 [INFO] reading file
2022-09-10 14:11:16,429 [INFO] completed, have a nice day!
2022-09-10 14:12:39,557 [INFO] reading file
2022-09-10 14:12:39,558 [INFO] completed, have a nice day!
2022-09-10 14:13:17,938 [INFO] reading file
2022-09-10 14:13:17,939 [INFO] completed, have a nice day!
2022-09-10 14:14:43,085 [INFO] reading file
2022-09-10 14:14:43,085 [INFO] completed, have a nice day!
2022-09-10 14:15:20,385 [INFO] reading file
2022-09-10 14:15:20,385 [INFO] completed, have a nice day!
2022-09-10 14:16:16,835 [INFO] reading file
2022-09-10 14:16:16,836 [INFO] completed, have a nice day!
2022-09-10 14:16:40,325 [INFO] reading file
2022-09-10 14:16:40,327 [INFO] completed, have a nice day!
2022-09-10 14:16:58,421 [INFO] reading file
2022-09-10 14:16:58,422 [INFO] completed, have a nice day!
2022-09-10 14:17:37,164 [INFO] reading file
2022-09-10 14:17:37,164 [INFO] completed, have a nice day!
2022-09-10 14:17:55,692 [INFO] reading file
2022-09-10 14:17:55,693 [INFO] completed, have a nice day!
2022-09-10 14:18:25,117 [INFO] reading file
2022-09-10 14:18:25,117 [ERROR] input file error
2022-09-10 14:19:02,018 [INFO] reading file
2022-09-10 14:19:02,018 [INFO] completed, have a nice day!
2022-09-10 14:19:28,557 [INFO] reading file
2022-09-10 14:19:28,558 [INFO] completed, have a nice day!
2022-09-10 14:19:55,491 [INFO] reading file
2022-09-10 14:19:55,493 [INFO] completed, have a nice day!
2022-09-10 14:20:33,138 [INFO] reading file
2022-09-10 14:20:33,139 [INFO] completed, have a nice day!
2022-09-10 14:21:26,787 [INFO] reading file
2022-09-10 14:21:26,788 [INFO] completed, have a nice day!
2022-09-10 14:22:05,764 [INFO] reading file
2022-09-10 14:22:05,765 [INFO] completed, have a nice day!
2022-09-10 14:22:30,564 [INFO] reading file
2022-09-10 14:22:30,565 [ERROR] input file error
2022-09-10 14:22:40,209 [INFO] reading file
2022-09-10 14:22:40,210 [INFO] completed, have a nice day!
2022-09-10 14:23:07,465 [INFO] reading file
2022-09-10 14:23:07,466 [INFO] completed, have a nice day!
2022-09-10 14:23:23,637 [INFO] reading file
2022-09-10 14:24:01,939 [INFO] reading file
2022-09-10 14:24:01,942 [INFO] completed, have a nice day!
2022-09-10 14:24:11,655 [INFO] reading file
2022-09-10 14:24:11,655 [INFO] completed, have a nice day!
2022-09-10 14:26:24,898 [INFO] reading file
2022-09-10 14:26:24,898 [INFO] completed, have a nice day!
2022-09-10 14:26:38,550 [INFO] reading file
2022-09-10 14:26:38,551 [INFO] completed, have a nice day!
2022-09-10 14:26:49,572 [INFO] reading file
2022-09-10 14:26:49,573 [INFO] completed, have a nice day!
2022-09-10 14:27:49,710 [INFO] reading file
2022-09-10 14:27:49,712 [INFO] completed, have a nice day!
2022-09-10 14:29:38,368 [INFO] reading file
2022-09-10 14:30:11,684 [INFO] reading file
2022-09-10 14:30:11,685 [INFO] completed, have a nice day!
2022-09-10 14:30:28,782 [INFO] reading file
2022-09-10 14:30:32,969 [INFO] reading file
2022-09-10 14:30:32,969 [INFO] completed, have a nice day!
2022-09-10 14:30:40,846 [INFO] reading file
2022-09-10 14:30:40,847 [INFO] completed, have a nice day!
2022-09-10 14:31:16,367 [INFO] reading file
2022-09-10 14:31:16,368 [INFO] completed, have a nice day!
2022-09-10 14:33:22,162 [INFO] reading file
2022-09-10 14:34:08,223 [INFO] reading file
2022-09-10 14:34:08,224 [INFO] completed, have a nice day!
2022-09-10 14:34:15,197 [INFO] reading file
2022-09-10 14:34:15,198 [INFO] completed, have a nice day!
2022-09-10 14:38:20,603 [INFO] reading file
2022-09-10 14:38:20,603 [INFO] completed, have a nice day!
2022-09-10 14:40:11,565 [INFO] reading file
2022-09-10 14:40:11,566 [INFO] completed, have a nice day!
2022-09-10 14:40:18,389 [INFO] reading file
2022-09-10 14:40:18,389 [INFO] completed, have a nice day!
2022-09-10 14:41:10,179 [INFO] reading file
2022-09-10 14:41:10,180 [INFO] completed, have a nice day!
2022-09-10 14:51:19,807 [INFO] reading file and calculating results
2022-09-10 14:51:19,808 [INFO] sorting results
2022-09-10 14:52:20,624 [INFO] reading file and calculating results
2022-09-10 14:52:20,625 [INFO] sorting results
2022-09-10 14:52:20,625 [INFO] completed, have a nice day!
2022-09-10 15:03:14,619 [INFO] reading file and calculating results
2022-09-10 15:03:14,620 [INFO] sorting results
2022-09-10 15:03:14,620 [INFO] completed, have a nice day!
2022-09-10 15:04:22,637 [INFO] reading file and calculating results
2022-09-10 15:05:00,732 [INFO] reading file and calculating results
2022-09-10 15:05:00,733 [INFO] sorting results
2022-09-10 15:05:00,733 [INFO] completed, have a nice day!
2022-09-10 15:09:27,700 [INFO] reading file and calculating results
2022-09-10 15:09:27,701 [INFO] sorting results
2022-09-10 15:09:27,701 [INFO] completed, have a nice day!
2022-09-10 15:20:19,549 [INFO] reading file and calculating results
2022-09-10 15:20:19,550 [INFO] sorting results
2022-09-10 15:20:19,550 [INFO] Assigning ranking
2022-09-10 15:20:19,551 [INFO] completed, have a nice day!
2022-09-10 15:22:59,498 [INFO] reading file and calculating results
2022-09-10 15:22:59,498 [INFO] sorting results
2022-09-10 15:22:59,498 [INFO] Assigning ranking
2022-09-10 15:22:59,498 [INFO] completed, have a nice day!
2022-09-10 15:26:03,770 [INFO] reading file and calculating results
2022-09-10 15:26:03,771 [INFO] sorting results
2022-09-10 15:26:03,771 [INFO] Assigning ranking
2022-09-10 15:26:03,771 [INFO] completed, have a nice day!
2022-09-10 15:31:01,753 [INFO] reading file and calculating results
2022-09-10 15:31:01,753 [INFO] sorting results
2022-09-10 15:31:01,753 [INFO] Assigning ranking
2022-09-10 15:31:01,753 [INFO] completed, have a nice day!
2022-09-10 15:32:07,180 [INFO] reading file and calculating results
2022-09-10 15:32:07,181 [INFO] sorting results
2022-09-10 15:32:07,181 [INFO] Assigning ranking
2022-09-10 15:32:07,182 [INFO] completed, have a nice day!
2022-09-10 15:33:06,434 [INFO] reading file and calculating results
2022-09-10 15:33:06,435 [INFO] sorting results
2022-09-10 15:33:06,435 [INFO] Assigning ranking
2022-09-10 15:33:22,049 [INFO] reading file and calculating results
2022-09-10 15:33:22,049 [INFO] sorting results
2022-09-10 15:33:22,050 [INFO] Assigning ranking
2022-09-10 15:33:22,050 [INFO] completed, have a nice day!
2022-09-10 15:34:11,044 [INFO] reading file and calculating results
2022-09-10 15:34:11,045 [INFO] sorting results
2022-09-10 15:34:11,045 [INFO] Assigning ranking
2022-09-10 15:34:11,045 [INFO] completed, have a nice day!
2022-09-10 15:39:10,922 [INFO] reading file and calculating results
2022-09-10 15:39:10,923 [INFO] sorting results
2022-09-10 15:39:10,923 [INFO] Assigning ranking
2022-09-10 15:39:10,924 [INFO] completed, have a nice day!
2022-09-10 15:40:09,124 [INFO] reading file and calculating results
2022-09-10 15:40:09,125 [INFO] sorting results
2022-09-10 15:40:09,125 [INFO] Assigning ranking
2022-09-10 15:40:09,125 [INFO] completed, have a nice day!
2022-09-10 15:40:22,882 [INFO] reading file and calculating results
2022-09-10 15:40:22,883 [INFO] sorting results
2022-09-10 15:40:22,883 [INFO] Assigning ranking
2022-09-10 15:41:08,217 [INFO] reading file and calculating results
2022-09-10 15:41:08,218 [INFO] sorting results
2022-09-10 15:41:08,218 [INFO] Assigning ranking
2022-09-10 15:41:22,927 [INFO] reading file and calculating results
2022-09-10 15:41:22,928 [INFO] sorting results
2022-09-10 15:41:22,928 [INFO] Assigning ranking
2022-09-10 15:41:22,929 [INFO] completed, have a nice day!
2022-09-10 15:42:07,493 [INFO] reading file and calculating results
2022-09-10 15:42:07,494 [INFO] sorting results
2022-09-10 15:42:07,494 [INFO] Assigning ranking
2022-09-10 15:42:31,999 [INFO] reading file and calculating results
2022-09-10 15:42:31,999 [INFO] sorting results
2022-09-10 15:42:32,000 [INFO] Assigning ranking
2022-09-10 15:42:51,576 [INFO] reading file and calculating results
2022-09-10 15:42:51,577 [INFO] sorting results
2022-09-10 15:42:51,577 [INFO] Assigning ranking
2022-09-10 15:43:20,921 [INFO] reading file and calculating results
2022-09-10 15:43:20,921 [INFO] sorting results
2022-09-10 15:43:20,921 [INFO] Assigning ranking
2022-09-10 15:43:20,922 [INFO] completed, have a nice day!
2022-09-10 15:44:37,957 [INFO] reading file and calculating results
2022-09-10 15:44:37,958 [INFO] sorting results
2022-09-10 15:44:37,958 [INFO] Assigning ranking
2022-09-10 15:45:37,095 [INFO] reading file and calculating results
2022-09-10 15:45:37,095 [INFO] sorting results
2022-09-10 15:45:37,095 [INFO] Assigning ranking
2022-09-10 15:45:44,205 [INFO] reading file and calculating results
2022-09-10 15:45:44,206 [INFO] sorting results
2022-09-10 15:45:44,206 [INFO] Assigning ranking
2022-09-10 15:45:44,206 [INFO] completed, have a nice day!
2022-09-10 15:46:51,563 [INFO] reading file and calculating results
2022-09-10 15:46:51,564 [INFO] sorting results
2022-09-10 15:46:51,564 [INFO] Assigning ranking
2022-09-10 15:46:51,564 [INFO] completed, have a nice day!
2022-09-10 15:47:07,555 [INFO] reading file and calculating results
2022-09-10 15:47:07,556 [INFO] sorting results
2022-09-10 15:47:07,557 [INFO] Assigning ranking
2022-09-10 15:47:17,971 [INFO] reading file and calculating results
2022-09-10 15:47:17,971 [INFO] sorting results
2022-09-10 15:47:17,972 [INFO] Assigning ranking
2022-09-10 15:47:29,487 [INFO] reading file and calculating results
2022-09-10 15:47:29,487 [INFO] sorting results
2022-09-10 15:47:29,488 [INFO] Assigning ranking
2022-09-10 15:47:36,789 [INFO] reading file and calculating results
2022-09-10 15:47:36,789 [INFO] sorting results
2022-09-10 15:47:36,790 [INFO] Assigning ranking
2022-09-10 15:47:36,790 [INFO] completed, have a nice day!
2022-09-10 15:47:57,869 [INFO] reading file and calculating results
2022-09-10 15:47:57,870 [INFO] sorting results
2022-09-10 15:47:57,870 [INFO] Assigning ranking
2022-09-10 15:49:08,472 [INFO] reading file and calculating results
2022-09-10 15:49:08,473 [INFO] sorting results
2022-09-10 15:49:08,473 [INFO] Assigning ranking
2022-09-10 15:49:32,784 [INFO] reading file and calculating results
2022-09-10 15:49:32,784 [INFO] sorting results
2022-09-10 15:49:32,785 [INFO] Assigning ranking
2022-09-10 15:49:32,785 [INFO] completed, have a nice day!
2022-09-10 15:51:03,307 [INFO] reading file and calculating results
2022-09-10 15:51:03,307 [INFO] sorting results
2022-09-10 15:51:03,307 [INFO] Assigning ranking
2022-09-10 15:51:50,315 [INFO] reading file and calculating results
2022-09-10 15:51:50,315 [INFO] sorting results
2022-09-10 15:51:50,316 [INFO] Assigning ranking
2022-09-10 15:52:08,199 [INFO] reading file and calculating results
2022-09-10 15:52:08,199 [INFO] sorting results
2022-09-10 15:52:08,200 [INFO] Assigning ranking
2022-09-10 15:52:51,524 [INFO] reading file and calculating results
2022-09-10 15:52:51,525 [INFO] sorting results
2022-09-10 15:52:51,525 [INFO] Assigning ranking
2022-09-10 15:53:25,461 [INFO] reading file and calculating results
2022-09-10 15:53:25,462 [INFO] sorting results
2022-09-10 15:53:25,462 [INFO] Assigning ranking
2022-09-10 15:53:25,463 [INFO] completed, have a nice day!
2022-09-10 15:53:35,297 [INFO] reading file and calculating results
2022-09-10 15:53:35,297 [INFO] sorting results
2022-09-10 15:53:35,297 [INFO] Assigning ranking
2022-09-10 15:54:57,079 [INFO] reading file and calculating results
2022-09-10 15:54:57,080 [INFO] sorting results
2022-09-10 15:54:57,080 [INFO] Assigning ranking
2022-09-10 15:54:57,080 [INFO] completed, have a nice day!
2022-09-10 15:55:06,987 [INFO] reading file and calculating results
2022-09-10 15:55:06,988 [INFO] sorting results
2022-09-10 15:55:06,988 [INFO] Assigning ranking
2022-09-10 15:55:06,989 [INFO] completed, have a nice day!
2022-09-10 15:55:59,033 [INFO] reading file and calculating results
2022-09-10 15:55:59,033 [INFO] sorting results
2022-09-10 15:55:59,033 [INFO] Assigning ranking
2022-09-10 15:55:59,034 [INFO] completed, have a nice day!
2022-09-10 15:56:21,884 [INFO] reading file and calculating results
2022-09-10 15:56:21,885 [INFO] sorting results
2022-09-10 15:56:21,885 [INFO] Assigning ranking
2022-09-10 15:56:21,886 [INFO] completed, have a nice day!
2022-09-10 15:56:42,341 [INFO] reading file and calculating results
2022-09-10 15:56:42,341 [INFO] sorting results
2022-09-10 15:56:42,341 [INFO] Assigning ranking
2022-09-10 15:56:42,342 [INFO] completed, have a nice day!
2022-09-10 15:58:13,865 [INFO] reading file and calculating results
2022-09-10 15:58:13,865 [INFO] sorting results
2022-09-10 15:58:13,866 [INFO] Assigning ranking
2022-09-10 15:58:25,161 [INFO] reading file and calculating results
2022-09-10 15:58:25,161 [INFO] sorting results
2022-09-10 15:58:25,161 [INFO] Assigning ranking
2022-09-10 15:58:41,764 [INFO] reading file and calculating results
2022-09-10 15:58:41,765 [INFO] sorting results
2022-09-10 15:58:41,765 [INFO] Assigning ranking
2022-09-10 15:58:41,766 [INFO] completed, have a nice day!
2022-09-10 15:59:07,290 [INFO] reading file and calculating results
2022-09-10 15:59:07,291 [INFO] sorting results
2022-09-10 15:59:07,291 [INFO] Assigning ranking
2022-09-10 15:59:07,291 [INFO] completed, have a nice day!
2022-09-10 16:04:28,117 [INFO] reading file and calculating results
2022-09-10 16:04:28,118 [INFO] sorting results
2022-09-10 16:04:28,118 [INFO] Assigning ranking
2022-09-10 16:04:40,010 [INFO] reading file and calculating results
2022-09-10 16:04:40,011 [INFO] sorting results
2022-09-10 16:04:40,011 [INFO] Assigning ranking
2022-09-10 16:04:59,207 [INFO] reading file and calculating results
2022-09-10 16:04:59,208 [INFO] sorting results
2022-09-10 16:04:59,208 [INFO] Assigning ranking
2022-09-10 16:05:47,778 [INFO] reading file and calculating results
2022-09-10 16:05:47,778 [INFO] sorting results
2022-09-10 16:05:47,778 [INFO] Assigning ranking
2022-09-10 16:05:47,779 [INFO] completed, have a nice day!
2022-09-10 16:06:17,450 [INFO] reading file and calculating results
2022-09-10 16:06:17,451 [INFO] sorting results
2022-09-10 16:06:17,451 [INFO] Assigning ranking
2022-09-10 16:06:17,451 [INFO] completed, have a nice day!
2022-09-10 16:06:58,800 [INFO] reading file and calculating results
2022-09-10 16:06:58,801 [INFO] sorting results
2022-09-10 16:06:58,801 [INFO] Assigning ranking
2022-09-10 16:06:58,802 [INFO] completed, have a nice day!
2022-09-10 16:07:53,827 [INFO] reading file and calculating results
2022-09-10 16:07:53,828 [INFO] sorting results
2022-09-10 16:07:53,828 [INFO] Assigning ranking
2022-09-10 16:07:53,828 [INFO] completed, have a nice day!
2022-09-10 16:08:10,482 [INFO] reading file and calculating results
2022-09-10 16:08:10,483 [INFO] sorting results
2022-09-10 16:08:10,483 [INFO] Assigning ranking
2022-09-10 16:08:10,483 [INFO] completed, have a nice day!
2022-09-10 16:08:49,349 [INFO] reading file and calculating results
2022-09-10 16:08:49,350 [INFO] sorting results
2022-09-10 16:08:49,350 [INFO] Assigning ranking
2022-09-10 16:09:06,035 [INFO] reading file and calculating results
2022-09-10 16:09:06,035 [INFO] sorting results
2022-09-10 16:09:06,035 [INFO] Assigning ranking
2022-09-10 16:09:06,036 [INFO] completed, have a nice day!
2022-09-10 16:09:42,872 [INFO] reading file and calculating results
2022-09-10 16:09:42,873 [INFO] sorting results
2022-09-10 16:09:42,873 [INFO] Assigning ranking
2022-09-10 16:09:42,874 [INFO] completed, have a nice day!
2022-09-10 16:10:03,920 [INFO] reading file and calculating results
2022-09-10 16:10:03,920 [INFO] sorting results
2022-09-10 16:10:03,921 [INFO] Assigning ranking
2022-09-10 16:10:03,921 [INFO] completed, have a nice day!
2022-09-10 16:10:27,792 [INFO] reading file and calculating results
2022-09-10 16:10:27,792 [INFO] sorting results
2022-09-10 16:10:27,792 [INFO] Assigning ranking
2022-09-10 16:10:27,793 [INFO] completed, have a nice day!
2022-09-10 16:11:16,804 [INFO] reading file and calculating results
2022-09-10 16:11:16,804 [INFO] sorting results
2022-09-10 16:11:16,804 [INFO] Assigning ranking
2022-09-10 16:11:16,805 [INFO] completed, have a nice day!
2022-09-10 16:14:08,707 [INFO] reading file and calculating results
2022-09-10 16:14:08,707 [INFO] sorting results
2022-09-10 16:14:08,707 [INFO] Assigning ranking
2022-09-10 16:14:08,708 [INFO] completed, have a nice day!
2022-09-10 16:14:33,225 [INFO] reading file and calculating results
2022-09-10 16:14:33,225 [INFO] sorting results
2022-09-10 16:14:33,226 [INFO] Assigning ranking
2022-09-10 16:14:33,226 [INFO] completed, have a nice day!
2022-09-10 16:14:51,680 [INFO] reading file and calculating results
2022-09-10 16:14:51,680 [INFO] sorting results
2022-09-10 16:14:51,680 [INFO] Assigning ranking
2022-09-10 16:14:51,681 [INFO] completed, have a nice day!
2022-09-10 16:35:56,890 [INFO] reading file and calculating results
2022-09-10 16:35:56,891 [INFO] sorting results
2022-09-10 16:35:56,891 [INFO] Assigning ranking
2022-09-10 16:35:56,892 [INFO] completed, have a nice day!
2022-09-10 16:37:50,196 [INFO] reading file and calculating results
2022-09-10 16:37:50,197 [INFO] sorting results
2022-09-10 16:37:50,197 [INFO] Assigning ranking
2022-09-10 16:37:50,198 [INFO] completed, have a nice day!
2022-09-10 16:39:31,229 [INFO] reading file and calculating results
2022-09-10 16:39:31,229 [INFO] sorting results
2022-09-10 16:39:31,229 [INFO] Assigning ranking
2022-09-10 16:39:31,230 [INFO] completed, have a nice day!
2022-09-10 16:42:35,789 [INFO] reading file and calculating results
2022-09-10 16:42:35,790 [INFO] sorting results
2022-09-10 16:42:35,790 [INFO] Assigning ranking
2022-09-10 16:42:35,790 [INFO] completed, have a nice day!
2022-09-10 16:49:16,698 [INFO] reading file and calculating results
2022-09-10 16:49:16,698 [INFO] sorting results
2022-09-10 16:49:16,698 [INFO] Assigning ranking
2022-09-10 16:49:16,699 [INFO] completed, have a nice day!
2022-09-10 16:49:32,258 [INFO] reading file and calculating results
2022-09-10 16:49:32,260 [INFO] sorting results
2022-09-10 16:49:32,260 [INFO] Assigning ranking
2022-09-10 16:49:32,260 [INFO] completed, have a nice day!
2022-09-10 16:49:59,999 [ERROR] The input_file needs to be given as an argument
2022-09-10 16:51:32,186 [INFO] reading file and calculating results
2022-09-10 16:51:32,186 [INFO] sorting results
2022-09-10 16:51:32,186 [INFO] Assigning ranking
2022-09-10 16:51:32,187 [INFO] completed, have a nice day!
2022-09-10 16:52:07,369 [INFO] reading file and calculating results
2022-09-10 16:52:07,370 [INFO] sorting results
2022-09-10 16:52:07,370 [INFO] Assigning ranking
2022-09-10 16:52:07,370 [INFO] completed, have a nice day!
2022-09-10 16:55:04,346 [INFO] reading file and calculating results
2022-09-10 16:55:04,346 [INFO] sorting results
2022-09-10 16:55:04,347 [INFO] Assigning ranking
2022-09-10 16:55:04,347 [INFO] completed, have a nice day!
2022-09-10 16:57:34,224 [INFO] reading file and calculating results
2022-09-10 16:57:34,224 [ERROR] The input_file needs to be given as an argument
2022-09-10 16:57:47,475 [INFO] reading file and calculating results
2022-09-10 16:57:47,475 [ERROR] The input_file needs to be given as an argument
2022-09-10 16:58:21,789 [INFO] reading file and calculating results
2022-09-10 16:58:21,790 [INFO] sorting results
2022-09-10 16:58:21,790 [INFO] Assigning ranking
2022-09-10 16:58:21,790 [INFO] completed, have a nice day!
2022-09-10 16:59:32,817 [INFO] reading file and calculating results
2022-09-10 16:59:32,818 [INFO] sorting results
2022-09-10 16:59:32,818 [INFO] Assigning ranking
2022-09-10 16:59:32,818 [INFO] completed, have a nice day!
2022-09-10 17:00:54,813 [INFO] reading file and calculating results
2022-09-10 17:00:54,813 [INFO] sorting results
2022-09-10 17:00:54,813 [INFO] Assigning ranking
2022-09-10 17:00:54,814 [INFO] completed, have a nice day!
2022-09-10 17:03:30,708 [INFO] reading file and calculating results
2022-09-10 17:03:30,709 [INFO] sorting results
2022-09-10 17:03:30,709 [INFO] Assigning ranking
2022-09-10 17:03:30,709 [INFO] completed, have a nice day!
2022-09-10 17:04:28,498 [INFO] reading file and calculating results
2022-09-10 17:04:28,498 [INFO] sorting results
2022-09-10 17:04:28,498 [INFO] Assigning ranking
2022-09-10 17:04:28,499 [INFO] completed, have a nice day!
2022-09-10 17:04:46,022 [INFO] reading file and calculating results
2022-09-10 17:04:46,023 [INFO] sorting results
2022-09-10 17:04:46,023 [INFO] Assigning ranking
2022-09-10 17:04:46,024 [INFO] completed, have a nice day!
2022-09-10 17:05:08,656 [INFO] reading file and calculating results
2022-09-10 17:05:08,656 [INFO] sorting results
2022-09-10 17:05:08,657 [INFO] Assigning ranking
2022-09-10 17:05:08,657 [INFO] completed, have a nice day!
2022-09-10 17:08:34,329 [INFO] reading file and calculating results
2022-09-10 17:08:34,329 [INFO] sorting results
2022-09-10 17:08:34,329 [INFO] Assigning ranking
2022-09-10 17:08:34,330 [INFO] completed, have a nice day!
2022-09-10 17:08:34,379 [INFO] reading file and calculating results
2022-09-10 17:08:34,379 [INFO] sorting results
2022-09-10 17:08:34,379 [INFO] Assigning ranking
2022-09-10 17:08:34,379 [INFO] completed, have a nice day!
2022-09-10 17:09:18,654 [INFO] reading file and calculating results
2022-09-10 17:09:18,654 [INFO] sorting results
2022-09-10 17:09:18,654 [INFO] Assigning ranking
2022-09-10 17:09:18,654 [INFO] completed, have a nice day!
2022-09-10 17:09:18,699 [INFO] reading file and calculating results
2022-09-10 17:09:18,700 [INFO] sorting results
2022-09-10 17:09:18,700 [INFO] Assigning ranking
2022-09-10 17:09:18,700 [INFO] completed, have a nice day!
2022-09-10 17:10:05,070 [INFO] reading file and calculating results
2022-09-10 17:10:05,071 [INFO] sorting results
2022-09-10 17:10:05,071 [INFO] Assigning ranking
2022-09-10 17:10:05,071 [INFO] completed, have a nice day!
2022-09-10 17:10:05,122 [INFO] reading file and calculating results
2022-09-10 17:10:05,122 [INFO] sorting results
2022-09-10 17:10:05,122 [INFO] Assigning ranking
2022-09-10 17:10:05,123 [INFO] completed, have a nice day!
2022-09-10 17:10:40,581 [INFO] reading file and calculating results
2022-09-10 17:10:40,582 [INFO] sorting results
2022-09-10 17:10:40,582 [INFO] Assigning ranking
2022-09-10 17:10:40,582 [INFO] completed, have a nice day!
2022-09-10 17:10:40,625 [INFO] reading file and calculating results
2022-09-10 17:10:40,625 [INFO] sorting results
2022-09-10 17:10:40,626 [INFO] Assigning ranking
2022-09-10 17:10:40,626 [INFO] completed, have a nice day!
2022-09-10 17:11:11,236 [INFO] reading file and calculating results
2022-09-10 17:11:11,237 [INFO] sorting results
2022-09-10 17:11:11,237 [INFO] Assigning ranking
2022-09-10 17:11:11,237 [INFO] completed, have a nice day!
2022-09-10 17:11:11,285 [INFO] reading file and calculating results
2022-09-10 17:11:11,286 [INFO] sorting results
2022-09-10 17:11:11,286 [INFO] Assigning ranking
2022-09-10 17:11:11,286 [INFO] completed, have a nice day!
2022-09-10 17:11:20,417 [INFO] reading file and calculating results
2022-09-10 17:11:20,418 [INFO] sorting results
2022-09-10 17:11:20,418 [INFO] Assigning ranking
2022-09-10 17:11:20,418 [INFO] completed, have a nice day!
2022-09-10 17:11:20,463 [INFO] reading file and calculating results
2022-09-10 17:11:20,464 [INFO] sorting results
2022-09-10 17:11:20,464 [INFO] Assigning ranking
2022-09-10 17:11:20,464 [INFO] completed, have a nice day!
2022-09-10 17:13:07,729 [INFO] reading file and calculating results
2022-09-10 17:13:07,730 [INFO] sorting results
2022-09-10 17:13:07,730 [INFO] Assigning ranking
2022-09-10 17:13:07,730 [INFO] completed, have a nice day!
2022-09-10 17:13:07,775 [INFO] reading file and calculating results
2022-09-10 17:13:07,775 [INFO] sorting results
2022-09-10 17:13:07,775 [INFO] Assigning ranking
2022-09-10 17:13:07,776 [INFO] completed, have a nice day!
2022-09-10 17:13:07,825 [INFO] reading file and calculating results
2022-09-10 17:13:07,836 [INFO] sorting results
2022-09-10 17:13:07,836 [INFO] Assigning ranking
2022-09-10 17:13:07,837 [INFO] completed, have a nice day!
2022-09-10 17:13:34,420 [INFO] reading file and calculating results
2022-09-10 17:13:34,421 [INFO] sorting results
2022-09-10 17:13:34,421 [INFO] Assigning ranking
2022-09-10 17:13:34,422 [INFO] completed, have a nice day!
2022-09-10 17:13:34,471 [INFO] reading file and calculating results
2022-09-10 17:13:34,472 [INFO] sorting results
2022-09-10 17:13:34,472 [INFO] Assigning ranking
2022-09-10 17:13:34,472 [INFO] completed, have a nice day!
2022-09-10 17:13:34,517 [INFO] reading file and calculating results
2022-09-10 17:13:34,518 [INFO] sorting results
2022-09-10 17:13:34,518 [INFO] Assigning ranking
2022-09-10 17:13:34,518 [INFO] completed, have a nice day!
2022-09-10 17:14:56,660 [INFO] reading file and calculating results
2022-09-10 17:14:56,660 [INFO] sorting results
2022-09-10 17:14:56,660 [INFO] Assigning ranking
2022-09-10 17:14:56,660 [INFO] completed, have a nice day!
2022-09-10 17:14:56,703 [INFO] reading file and calculating results
2022-09-10 17:14:56,704 [INFO] sorting results
2022-09-10 17:14:56,704 [INFO] Assigning ranking
2022-09-10 17:14:56,705 [INFO] completed, have a nice day!
2022-09-10 17:14:56,750 [INFO] reading file and calculating results
2022-09-10 17:14:56,751 [INFO] sorting results
2022-09-10 17:14:56,751 [INFO] Assigning ranking
2022-09-10 17:14:56,751 [INFO] completed, have a nice day!
2022-09-10 17:22:33,076 [INFO] reading file and calculating results
2022-09-10 17:22:33,076 [INFO] sorting results
2022-09-10 17:22:33,076 [INFO] Assigning ranking
2022-09-10 17:22:33,077 [INFO] completed, have a nice day!
2022-09-10 17:22:33,133 [INFO] reading file and calculating results
2022-09-10 17:22:33,133 [INFO] sorting results
2022-09-10 17:22:33,133 [INFO] Assigning ranking
2022-09-10 17:22:33,134 [INFO] completed, have a nice day!
2022-09-10 17:22:33,189 [INFO] reading file and calculating results
2022-09-10 17:22:33,189 [INFO] sorting results
2022-09-10 17:22:33,190 [INFO] Assigning ranking
2022-09-10 17:22:33,190 [INFO] completed, have a nice day!
2022-09-10 17:24:30,431 [INFO] reading file and calculating results
2022-09-10 17:24:30,431 [ERROR] The input_file needs to be given as an argument
2022-09-10 17:24:40,924 [INFO] reading file and calculating results
2022-09-10 17:24:40,925 [INFO] sorting results
2022-09-10 17:24:40,925 [INFO] Assigning ranking
2022-09-10 17:24:40,926 [INFO] completed, have a nice day!
2022-09-10 17:26:23,401 [INFO] Reading file and calculating results
2022-09-10 17:26:23,401 [INFO] Sorting results
2022-09-10 17:26:23,401 [INFO] Assigning ranking
2022-09-10 17:26:23,402 [INFO] Completed, have a nice day!
2022-09-10 17:26:27,491 [INFO] Reading file and calculating results
2022-09-10 17:26:27,492 [INFO] Sorting results
2022-09-10 17:26:27,492 [INFO] Assigning ranking
2022-09-10 17:26:27,493 [INFO] Completed, have a nice day!
2022-09-10 17:26:27,561 [INFO] Reading file and calculating results
2022-09-10 17:26:27,563 [INFO] Sorting results
2022-09-10 17:26:27,563 [INFO] Assigning ranking
2022-09-10 17:26:27,563 [INFO] Completed, have a nice day!
2022-09-10 17:26:27,642 [INFO] Reading file and calculating results
2022-09-10 17:26:27,643 [INFO] Sorting results
2022-09-10 17:26:27,643 [INFO] Assigning ranking
2022-09-10 17:26:27,643 [INFO] Completed, have a nice day!
